SF:lib\domain\usecases\get_movie_detail.dart
DA:9,1
DA:11,1
DA:12,2
LF:3
LH:3
end_of_record
SF:lib\domain\usecases\get_movie_recommendations.dart
DA:9,1
DA:11,1
DA:12,2
LF:3
LH:3
end_of_record
SF:lib\domain\usecases\get_now_playing_movies.dart
DA:9,1
DA:11,1
DA:12,2
LF:3
LH:3
end_of_record
SF:lib\domain\usecases\get_popular_movies.dart
DA:9,1
DA:11,1
DA:12,2
LF:3
LH:3
end_of_record
SF:lib\domain\usecases\get_top_rated_movies.dart
DA:9,1
DA:11,1
DA:12,2
LF:3
LH:3
end_of_record
SF:lib\domain\usecases\get_watchlist_status.dart
DA:6,1
DA:8,1
DA:9,2
LF:3
LH:3
end_of_record
SF:lib\domain\usecases\remove_watchlist.dart
DA:9,1
DA:11,1
DA:12,2
LF:3
LH:3
end_of_record
SF:lib\domain\usecases\save_watchlist.dart
DA:9,1
DA:11,1
DA:12,2
LF:3
LH:3
end_of_record
SF:lib\presentation\pages\home_movie_page.dart
DA:8,1
DA:10,1
DA:11,1
DA:15,1
DA:17,1
DA:18,1
DA:19,1
DA:20,3
DA:21,3
DA:22,3
DA:27,1
DA:29,1
DA:31,1
DA:33,1
DA:35,1
DA:36,1
DA:38,1
DA:40,1
DA:41,1
DA:42,1
DA:46,1
DA:47,1
DA:49,1
DA:51,0
DA:58,1
DA:61,0
DA:62,0
DA:64,1
DA:65,1
DA:66,1
DA:70,1
DA:71,1
DA:73,1
DA:75,0
DA:82,1
DA:85,0
DA:86,0
DA:88,1
DA:89,1
DA:90,1
DA:94,1
DA:95,1
DA:97,1
DA:99,0
DA:117,1
DA:119,1
DA:121,1
DA:123,1
DA:124,2
DA:126,1
DA:127,2
DA:128,1
DA:130,1
DA:131,3
DA:132,0
DA:133,0
DA:136,0
DA:139,1
DA:141,1
DA:142,2
DA:143,1
DA:146,0
DA:152,2
LF:63
LH:52
end_of_record
SF:lib\presentation\pages\popular_movies_page.dart
DA:10,1
DA:12,1
DA:13,1
DA:17,1
DA:19,1
DA:20,1
DA:21,4
DA:25,1
DA:27,1
DA:28,1
DA:30,1
DA:33,1
DA:34,1
DA:38,1
DA:40,1
DA:41,1
DA:42,1
DA:46,1
DA:47,1
DA:49,1
DA:50,2
DA:51,2
DA:53,2
DA:55,1
DA:56,1
DA:58,2
LF:26
LH:26
end_of_record
SF:lib\presentation\pages\top_rated_movies_page.dart
DA:10,1
DA:12,1
DA:13,1
DA:17,1
DA:19,1
DA:20,1
DA:21,4
DA:24,1
DA:26,1
DA:27,1
DA:29,1
DA:32,1
DA:33,1
DA:37,1
DA:39,1
DA:40,1
DA:41,1
DA:45,1
DA:46,1
DA:48,1
DA:49,2
DA:50,2
DA:52,2
DA:54,1
DA:55,1
DA:57,2
LF:26
LH:26
end_of_record
SF:lib\presentation\pages\movie_detail_page.dart
DA:15,1
DA:17,1
DA:18,1
DA:22,1
DA:24,1
DA:25,2
DA:26,5
DA:27,1
DA:28,1
DA:29,3
DA:30,6
DA:34,1
DA:36,2
DA:37,2
DA:38,2
DA:44,1
DA:45,1
DA:46,1
DA:47,1
DA:51,1
DA:52,1
DA:53,1
DA:54,1
DA:59,0
DA:60,0
DA:74,1
DA:76,1
DA:77,1
DA:83,1
DA:85,1
DA:87,3
DA:90,1
DA:92,3
DA:93,1
DA:94,1
DA:95,1
DA:96,4
DA:98,1
DA:101,0
DA:103,1
DA:105,1
DA:106,1
DA:107,1
DA:117,1
DA:118,1
DA:119,1
DA:121,1
DA:124,1
DA:126,1
DA:127,1
DA:128,3
DA:129,1
DA:131,1
DA:133,1
DA:134,1
DA:135,2
DA:136,3
DA:138,0
DA:139,0
DA:140,0
DA:142,2
DA:145,1
DA:146,0
DA:150,1
DA:151,1
DA:153,1
DA:158,1
DA:159,1
DA:160,2
DA:161,2
DA:163,1
DA:165,1
DA:166,1
DA:167,1
DA:173,2
DA:174,2
DA:177,1
DA:179,1
DA:180,1
DA:187,1
DA:188,4
DA:190,1
DA:191,4
DA:193,1
DA:194,1
DA:195,1
DA:196,4
DA:198,1
DA:204,5
DA:208,1
DA:210,1
DA:212,1
DA:213,3
DA:216,1
DA:218,1
DA:220,1
DA:222,1
DA:223,1
DA:227,1
DA:228,0
DA:230,1
DA:231,2
DA:232,1
DA:234,1
DA:237,2
DA:238,1
DA:239,2
DA:240,1
DA:242,1
DA:243,1
DA:244,1
DA:245,0
DA:246,0
DA:249,0
DA:252,1
DA:257,1
DA:259,2
DA:260,1
DA:266,0
DA:276,1
DA:286,1
DA:288,1
DA:303,1
DA:305,1
DA:308,1
DA:311,1
DA:312,1
LF:127
LH:115
end_of_record
SF:lib\presentation\bloc\now_playing_movies_state.dart
DA:5,4
DA:7,1
DA:8,1
DA:18,2
DA:20,1
DA:21,2
DA:27,3
DA:29,1
DA:30,2
LF:9
LH:9
end_of_record
SF:lib\presentation\bloc\now_playing_movies_cubit.dart
DA:9,1
DA:11,2
DA:15,1
DA:16,2
DA:18,2
DA:19,1
DA:20,1
DA:21,3
DA:23,1
DA:24,2
LF:10
LH:10
end_of_record
SF:lib\presentation\bloc\popular_movies_state.dart
DA:5,6
DA:7,1
DA:8,1
DA:18,3
DA:20,1
DA:21,2
DA:27,5
DA:29,1
DA:30,2
LF:9
LH:9
end_of_record
SF:lib\presentation\bloc\popular_movies_cubit.dart
DA:10,1
DA:12,2
DA:16,1
DA:17,2
DA:19,2
DA:20,1
DA:21,1
DA:22,3
DA:24,1
DA:25,2
LF:10
LH:10
end_of_record
SF:lib\presentation\bloc\top_rated_movies_cubit.dart
DA:10,1
DA:12,2
DA:16,1
DA:17,2
DA:19,2
DA:20,1
DA:21,1
DA:22,3
DA:24,1
DA:25,2
LF:10
LH:10
end_of_record
SF:lib\presentation\bloc\top_rated_movies_state.dart
DA:5,6
DA:7,1
DA:8,1
DA:18,3
DA:20,1
DA:21,2
DA:27,5
DA:29,1
DA:30,2
LF:9
LH:9
end_of_record
SF:lib\presentation\bloc\movie_detail_state.dart
DA:5,3
DA:7,1
DA:8,1
DA:16,2
DA:20,1
DA:21,2
DA:25,2
DA:29,1
DA:30,2
LF:9
LH:9
end_of_record
SF:lib\presentation\bloc\movie_detail_cubit.dart
DA:10,3
DA:14,1
DA:15,2
DA:17,2
DA:19,1
DA:20,1
DA:21,3
DA:23,1
DA:24,2
LF:9
LH:9
end_of_record
SF:lib\presentation\bloc\movie_recommendation_state.dart
DA:5,4
DA:7,1
DA:8,1
DA:16,2
DA:20,1
DA:21,2
DA:25,3
DA:29,1
DA:30,2
LF:9
LH:9
end_of_record
SF:lib\presentation\bloc\movie_recommendation_cubit.dart
DA:10,1
DA:11,2
DA:15,1
DA:16,2
DA:18,2
DA:20,1
DA:21,1
DA:22,3
DA:24,1
DA:25,2
LF:10
LH:10
end_of_record
SF:lib\presentation\bloc\watchlist_event.dart
DA:5,3
DA:7,0
DA:8,0
DA:12,2
DA:16,0
DA:17,0
DA:21,1
DA:25,0
DA:26,0
DA:30,3
DA:34,0
DA:35,0
LF:12
LH:4
end_of_record
SF:lib\presentation\bloc\watchlist_state.dart
DA:5,3
DA:7,1
DA:8,1
DA:16,3
DA:20,1
DA:21,2
DA:25,3
DA:29,1
DA:30,2
DA:34,3
DA:38,1
DA:39,2
LF:12
LH:12
end_of_record
SF:lib\presentation\bloc\watchlist_bloc.dart
DA:22,1
DA:26,2
DA:27,2
DA:28,2
DA:29,2
DA:32,1
DA:36,3
DA:38,1
DA:39,1
DA:40,3
DA:42,1
DA:43,2
DA:47,3
DA:50,1
DA:54,3
DA:56,1
DA:57,1
DA:58,3
DA:60,1
DA:61,2
DA:65,3
DA:68,1
DA:72,3
DA:73,2
LF:24
LH:24
end_of_record
