SF:lib\domain\usecases\search_movies.dart
DA:9,1
DA:11,1
DA:12,2
LF:3
LH:3
end_of_record
SF:lib\domain\usecases\search_tvs.dart
DA:9,1
DA:11,1
DA:12,2
LF:3
LH:3
end_of_record
SF:lib\presentation\bloc\movie\search_bloc.dart
DA:14,3
DA:15,2
DA:16,1
DA:18,2
DA:19,2
DA:21,1
DA:22,1
DA:23,3
DA:25,1
DA:26,2
DA:29,1
DA:32,1
DA:33,3
LF:13
LH:13
end_of_record
SF:lib\presentation\bloc\movie\search_state.dart
DA:4,2
DA:6,2
DA:7,2
DA:17,2
DA:19,1
DA:20,2
DA:26,2
DA:28,1
DA:29,2
LF:9
LH:9
end_of_record
SF:lib\presentation\bloc\movie\search_event.dart
DA:5,2
DA:7,0
DA:8,0
DA:14,2
DA:16,0
DA:17,0
LF:6
LH:2
end_of_record
SF:lib\presentation\bloc\tv\search_tv_bloc.dart
DA:14,3
DA:15,2
DA:16,1
DA:18,2
DA:19,2
DA:21,1
DA:22,1
DA:23,3
DA:25,1
DA:26,2
DA:29,1
DA:32,1
DA:33,3
LF:13
LH:13
end_of_record
SF:lib\presentation\bloc\tv\search_tv_state.dart
DA:4,2
DA:6,1
DA:7,1
DA:17,2
DA:19,1
DA:20,2
DA:26,2
DA:28,1
DA:29,2
LF:9
LH:9
end_of_record
SF:lib\presentation\bloc\tv\search_tv_event.dart
DA:5,2
DA:7,0
DA:8,0
DA:14,2
DA:16,0
DA:17,0
LF:6
LH:2
end_of_record
SF:lib\presentation\pages\search_page.dart
DA:9,1
DA:11,1
DA:13,1
DA:14,1
DA:15,1
DA:16,1
DA:17,1
DA:18,1
DA:19,1
DA:23,1
DA:25,1
DA:27,1
DA:28,1
DA:29,1
DA:30,3
DA:32,1
DA:34,1
DA:35,1
DA:39,1
DA:40,1
DA:42,1
DA:44,1
DA:45,1
DA:46,1
DA:47,1
DA:48,1
DA:49,1
DA:52,1
DA:53,1
DA:54,1
DA:55,1
DA:57,1
DA:58,1
DA:59,2
DA:61,1
DA:64,1
DA:65,1
DA:66,1
DA:67,1
DA:68,2
DA:72,1
DA:73,1
DA:74,1
LF:43
LH:43
end_of_record
SF:lib\presentation\pages\tv_search_page.dart
DA:9,1
DA:11,1
DA:13,1
DA:14,1
DA:15,1
DA:16,1
DA:17,1
DA:18,1
DA:19,1
DA:23,1
DA:25,1
DA:27,1
DA:28,1
DA:29,1
DA:30,3
DA:32,1
DA:34,1
DA:35,1
DA:39,1
DA:40,1
DA:42,1
DA:44,1
DA:45,1
DA:46,1
DA:47,1
DA:48,1
DA:49,1
DA:52,1
DA:53,1
DA:54,1
DA:55,1
DA:57,1
DA:58,1
DA:59,2
DA:61,1
DA:64,1
DA:65,1
DA:66,1
DA:67,1
DA:68,2
DA:72,1
DA:73,1
DA:74,1
LF:43
LH:43
end_of_record
