SF:lib\domain\usecases\get_now_playing_tvs.dart
DA:9,1
DA:11,1
DA:12,2
LF:3
LH:3
end_of_record
SF:lib\domain\usecases\get_popular_tvs.dart
DA:9,1
DA:11,1
DA:12,2
LF:3
LH:3
end_of_record
SF:lib\domain\usecases\get_top_rated_tvs.dart
DA:9,1
DA:11,1
DA:12,2
LF:3
LH:3
end_of_record
SF:lib\domain\usecases\get_tv_detail.dart
DA:9,1
DA:11,1
DA:12,2
LF:3
LH:3
end_of_record
SF:lib\domain\usecases\get_tv_recommendations.dart
DA:9,1
DA:11,1
DA:12,2
LF:3
LH:3
end_of_record
SF:lib\domain\usecases\get_watchlist_tv_status.dart
DA:4,1
DA:8,1
DA:9,2
LF:3
LH:3
end_of_record
SF:lib\domain\usecases\remove_watchlist_tv.dart
DA:7,1
DA:11,1
DA:12,2
LF:3
LH:3
end_of_record
SF:lib\domain\usecases\save_watchlist_tv.dart
DA:7,1
DA:11,1
DA:12,2
LF:3
LH:3
end_of_record
SF:lib\presentation\bloc\now_playing_tvs_cubit.dart
DA:9,1
DA:11,2
DA:15,1
DA:16,2
DA:18,2
DA:19,1
DA:20,1
DA:21,3
DA:23,1
DA:24,2
LF:10
LH:10
end_of_record
SF:lib\presentation\bloc\now_playing_tvs_state.dart
DA:5,6
DA:7,1
DA:8,1
DA:18,3
DA:20,1
DA:21,2
DA:27,4
DA:29,1
DA:30,2
LF:9
LH:9
end_of_record
SF:lib\presentation\bloc\popular_tvs_state.dart
DA:5,6
DA:7,1
DA:8,1
DA:18,3
DA:20,1
DA:21,2
DA:27,4
DA:29,1
DA:30,2
LF:9
LH:9
end_of_record
SF:lib\presentation\bloc\popular_tvs_cubit.dart
DA:10,1
DA:12,2
DA:16,1
DA:17,2
DA:19,2
DA:20,1
DA:21,1
DA:22,3
DA:24,1
DA:25,2
LF:10
LH:10
end_of_record
SF:lib\presentation\bloc\top_rated_tvs_state.dart
DA:5,6
DA:7,1
DA:8,1
DA:18,3
DA:20,1
DA:21,2
DA:27,4
DA:29,1
DA:30,2
LF:9
LH:9
end_of_record
SF:lib\presentation\bloc\top_rated_tvs_cubit.dart
DA:10,1
DA:12,2
DA:16,1
DA:17,2
DA:19,2
DA:20,1
DA:21,1
DA:22,3
DA:24,1
DA:25,2
LF:10
LH:10
end_of_record
SF:lib\presentation\bloc\tv_detail_state.dart
DA:5,3
DA:7,1
DA:8,1
DA:16,2
DA:20,1
DA:21,2
DA:25,2
DA:29,1
DA:30,2
LF:9
LH:9
end_of_record
SF:lib\presentation\bloc\tv_detail_cubit.dart
DA:10,3
DA:14,1
DA:15,2
DA:17,2
DA:19,1
DA:20,1
DA:21,3
DA:23,1
DA:24,2
LF:9
LH:9
end_of_record
SF:lib\presentation\bloc\tv_recommendation_state.dart
DA:5,4
DA:7,1
DA:8,1
DA:16,2
DA:20,1
DA:21,2
DA:25,3
DA:29,1
DA:30,2
LF:9
LH:9
end_of_record
SF:lib\presentation\bloc\tv_recommendation_cubit.dart
DA:10,1
DA:11,2
DA:15,1
DA:16,2
DA:18,2
DA:20,1
DA:21,1
DA:22,3
DA:24,1
DA:25,2
LF:10
LH:10
end_of_record
SF:lib\presentation\bloc\tv_watchlist_state.dart
DA:5,3
DA:7,1
DA:8,1
DA:16,3
DA:20,1
DA:21,2
DA:25,3
DA:29,1
DA:30,2
DA:34,3
DA:38,1
DA:39,2
LF:12
LH:12
end_of_record
SF:lib\presentation\bloc\tv_watchlist_event.dart
DA:5,3
DA:7,0
DA:8,0
DA:12,2
DA:16,0
DA:17,0
DA:21,1
DA:25,0
DA:26,0
DA:30,3
DA:34,0
DA:35,0
LF:12
LH:4
end_of_record
SF:lib\presentation\bloc\tv_watchlist_bloc.dart
DA:19,1
DA:23,2
DA:24,2
DA:25,2
DA:26,2
DA:29,1
DA:33,3
DA:35,1
DA:36,1
DA:37,3
DA:39,1
DA:40,2
DA:44,3
DA:47,1
DA:51,3
DA:53,1
DA:54,1
DA:55,3
DA:57,1
DA:58,2
DA:62,3
DA:65,1
DA:69,3
DA:70,2
LF:24
LH:24
end_of_record
SF:lib\presentation\pages\home_tv_page.dart
DA:14,1
DA:16,1
DA:17,1
DA:21,1
DA:23,1
DA:24,1
DA:25,1
DA:26,3
DA:27,3
DA:28,3
DA:33,1
DA:35,1
DA:37,1
DA:39,1
DA:41,1
DA:42,1
DA:45,0
DA:46,0
DA:48,1
DA:49,1
DA:50,1
DA:54,1
DA:55,1
DA:57,1
DA:59,0
DA:66,1
DA:69,0
DA:70,0
DA:72,1
DA:73,1
DA:74,1
DA:78,1
DA:79,1
DA:81,1
DA:83,0
DA:90,1
DA:93,0
DA:94,0
DA:96,1
DA:97,1
DA:98,1
DA:102,1
DA:103,1
DA:105,1
DA:107,0
DA:125,1
DA:127,1
DA:129,1
DA:131,1
DA:132,2
DA:134,1
DA:135,2
DA:136,1
DA:138,1
DA:139,3
DA:140,0
DA:141,0
DA:144,0
DA:147,1
DA:149,1
DA:150,2
DA:151,1
DA:154,0
DA:160,2
LF:64
LH:51
end_of_record
SF:lib\presentation\pages\now_playing_tvs_page.dart
DA:10,1
DA:12,1
DA:13,1
DA:17,1
DA:19,1
DA:21,1
DA:22,4
DA:26,1
DA:28,1
DA:29,1
DA:31,1
DA:34,0
DA:35,0
DA:39,1
DA:41,1
DA:42,1
DA:43,1
DA:47,1
DA:48,1
DA:50,0
DA:51,0
DA:52,0
DA:54,2
DA:56,1
DA:57,1
DA:59,2
LF:26
LH:21
end_of_record
SF:lib\presentation\pages\popular_tvs_page.dart
DA:10,1
DA:12,1
DA:13,1
DA:17,1
DA:19,1
DA:21,1
DA:22,4
DA:26,1
DA:28,1
DA:29,1
DA:31,1
DA:34,0
DA:35,0
DA:39,1
DA:41,1
DA:42,1
DA:43,1
DA:47,1
DA:48,1
DA:50,0
DA:51,0
DA:52,0
DA:54,2
DA:56,1
DA:57,1
DA:59,2
LF:26
LH:21
end_of_record
SF:lib\presentation\pages\top_rated_tvs_page.dart
DA:10,1
DA:12,1
DA:13,1
DA:17,1
DA:19,1
DA:21,1
DA:22,4
DA:26,1
DA:28,1
DA:29,1
DA:31,1
DA:34,0
DA:35,0
DA:39,1
DA:41,1
DA:42,1
DA:43,1
DA:47,1
DA:48,1
DA:50,0
DA:51,0
DA:52,0
DA:54,2
DA:56,1
DA:57,1
DA:59,2
LF:26
LH:21
end_of_record
SF:lib\presentation\pages\tv_detail_page.dart
DA:15,1
DA:17,1
DA:18,1
DA:22,1
DA:24,1
DA:25,2
DA:26,5
DA:27,5
DA:28,6
DA:32,1
DA:34,2
DA:35,2
DA:36,2
DA:42,1
DA:43,1
DA:44,1
DA:45,1
DA:49,1
DA:50,1
DA:51,1
DA:52,1
DA:57,0
DA:58,0
DA:72,1
DA:74,1
DA:75,1
DA:81,1
DA:83,1
DA:85,3
DA:88,1
DA:90,3
DA:91,1
DA:92,1
DA:93,1
DA:94,4
DA:96,1
DA:99,0
DA:101,1
DA:103,1
DA:104,1
DA:105,1
DA:115,1
DA:116,1
DA:117,1
DA:119,1
DA:122,1
DA:124,1
DA:125,1
DA:126,3
DA:127,1
DA:129,1
DA:131,1
DA:132,1
DA:133,2
DA:134,3
DA:136,0
DA:137,0
DA:138,0
DA:141,2
DA:144,1
DA:145,0
DA:149,1
DA:150,1
DA:152,1
DA:157,1
DA:158,1
DA:159,2
DA:160,2
DA:162,1
DA:164,1
DA:165,1
DA:166,1
DA:172,2
DA:173,2
DA:176,1
DA:178,1
DA:179,1
DA:186,1
DA:187,4
DA:189,1
DA:190,4
DA:191,5
DA:194,1
DA:195,1
DA:196,1
DA:197,4
DA:199,1
DA:205,5
DA:209,1
DA:211,1
DA:213,1
DA:214,3
DA:217,1
DA:219,1
DA:221,1
DA:223,1
DA:225,4
DA:226,1
DA:227,5
DA:232,1
DA:234,1
DA:236,1
DA:238,1
DA:239,1
DA:243,1
DA:244,0
DA:245,1
DA:246,2
DA:247,1
DA:249,1
DA:252,2
DA:253,1
DA:254,2
DA:255,1
DA:257,1
DA:259,2
DA:260,0
DA:261,0
DA:264,0
DA:267,1
DA:272,1
DA:274,2
DA:275,1
DA:281,0
DA:291,1
DA:301,1
DA:303,1
DA:318,1
DA:320,1
DA:323,1
DA:326,1
DA:327,1
DA:338,1
DA:342,1
DA:344,1
DA:345,1
DA:346,1
DA:348,1
DA:352,3
DA:353,1
DA:355,3
DA:356,1
DA:362,0
DA:365,0
DA:377,1
DA:379,1
DA:387,1
DA:388,5
LF:148
LH:134
end_of_record
